d:\qtvs\qtqq\qtqq\x64\debug\notifymanager.obj
d:\qtvs\qtqq\qtqq\x64\debug\qclicklabel.obj
d:\qtvs\qtqq\qtqq\x64\debug\talkwindowitem.obj
d:\qtvs\qtqq\qtqq\x64\debug\emotionwindow.obj
d:\qtvs\qtqq\qtqq\x64\debug\sendfile.obj
d:\qtvs\qtqq\qtqq\x64\debug\main.obj
d:\qtvs\qtqq\qtqq\x64\debug\basicwindow.obj
d:\qtvs\qtqq\qtqq\x64\debug\rootcontatitem.obj
d:\qtvs\qtqq\qtqq\x64\debug\talkwindowshell.obj
d:\qtvs\qtqq\qtqq\x64\debug\contactitem.obj
d:\qtvs\qtqq\qtqq\x64\debug\systray.obj
d:\qtvs\qtqq\qtqq\x64\debug\windowmanager.obj
d:\qtvs\qtqq\qtqq\x64\debug\msgwebview.obj
d:\qtvs\qtqq\qtqq\x64\debug\talkwindow.obj
d:\qtvs\qtqq\qtqq\x64\debug\emotionlabelitem.obj
d:\qtvs\qtqq\qtqq\x64\debug\receivefile.obj
d:\qtvs\qtqq\qtqq\x64\debug\userlogin.obj
d:\qtvs\qtqq\qtqq\x64\debug\custommenu.obj
d:\qtvs\qtqq\qtqq\x64\debug\qmsgtextedit.obj
d:\qtvs\qtqq\qtqq\x64\debug\titlebar.obj
d:\qtvs\qtqq\qtqq\x64\debug\commonutils.obj
d:\qtvs\qtqq\qtqq\x64\debug\skinwindow.obj
d:\qtvs\qtqq\qtqq\x64\debug\ccmainwindow.obj
d:\qtvs\qtqq\qtqq\x64\debug\vc141.pdb
d:\qtvs\qtqq\qtqq\x64\debug\moc_basicwindow.obj
d:\qtvs\qtqq\qtqq\x64\debug\moc_basicwindow.asm
d:\qtvs\qtqq\qtqq\x64\debug\moc_talkwindow.obj
d:\qtvs\qtqq\qtqq\x64\debug\moc_talkwindow.asm
d:\qtvs\qtqq\qtqq\x64\debug\moc_titlebar.obj
d:\qtvs\qtqq\qtqq\x64\debug\moc_titlebar.asm
d:\qtvs\qtqq\qtqq\x64\debug\moc_windowmanager.obj
d:\qtvs\qtqq\qtqq\x64\debug\moc_windowmanager.asm
d:\qtvs\qtqq\qtqq\x64\debug\moc_custommenu.obj
d:\qtvs\qtqq\qtqq\x64\debug\moc_custommenu.asm
d:\qtvs\qtqq\qtqq\x64\debug\moc_sendfile.obj
d:\qtvs\qtqq\qtqq\x64\debug\moc_sendfile.asm
d:\qtvs\qtqq\qtqq\x64\debug\moc_talkwindowshell.obj
d:\qtvs\qtqq\qtqq\x64\debug\moc_talkwindowshell.asm
d:\qtvs\qtqq\qtqq\x64\debug\moc_userlogin.obj
d:\qtvs\qtqq\qtqq\x64\debug\moc_userlogin.asm
d:\qtvs\qtqq\qtqq\x64\debug\moc_msgwebview.obj
d:\qtvs\qtqq\qtqq\x64\debug\moc_msgwebview.asm
d:\qtvs\qtqq\qtqq\x64\debug\moc_talkwindowitem.obj
d:\qtvs\qtqq\qtqq\x64\debug\moc_talkwindowitem.asm
d:\qtvs\qtqq\qtqq\x64\debug\moc_qclicklabel.obj
d:\qtvs\qtqq\qtqq\x64\debug\moc_qclicklabel.asm
d:\qtvs\qtqq\qtqq\x64\debug\qrc_ccmainwindow.obj
d:\qtvs\qtqq\qtqq\x64\debug\qrc_ccmainwindow.asm
d:\qtvs\qtqq\qtqq\x64\debug\moc_contactitem.obj
d:\qtvs\qtqq\qtqq\x64\debug\moc_contactitem.asm
d:\qtvs\qtqq\qtqq\x64\debug\moc_ccmainwindow.obj
d:\qtvs\qtqq\qtqq\x64\debug\moc_ccmainwindow.asm
d:\qtvs\qtqq\qtqq\x64\debug\moc_emotionwindow.obj
d:\qtvs\qtqq\qtqq\x64\debug\moc_emotionwindow.asm
d:\qtvs\qtqq\qtqq\x64\debug\moc_skinwindow.obj
d:\qtvs\qtqq\qtqq\x64\debug\moc_skinwindow.asm
d:\qtvs\qtqq\qtqq\x64\debug\moc_receivefile.obj
d:\qtvs\qtqq\qtqq\x64\debug\moc_receivefile.asm
d:\qtvs\qtqq\qtqq\x64\debug\moc_emotionlabelitem.obj
d:\qtvs\qtqq\qtqq\x64\debug\moc_emotionlabelitem.asm
d:\qtvs\qtqq\qtqq\x64\debug\moc_systray.obj
d:\qtvs\qtqq\qtqq\x64\debug\moc_systray.asm
d:\qtvs\qtqq\qtqq\x64\debug\moc_notifymanager.obj
d:\qtvs\qtqq\qtqq\x64\debug\moc_notifymanager.asm
d:\qtvs\qtqq\qtqq\x64\debug\moc_qmsgtextedit.obj
d:\qtvs\qtqq\qtqq\x64\debug\moc_qmsgtextedit.asm
d:\qtvs\qtqq\qtqq\x64\debug\moc_rootcontatitem.obj
d:\qtvs\qtqq\qtqq\x64\debug\moc_rootcontatitem.asm
d:\qtvs\qtqq\x64\debug\qtqq.ilk
d:\qtvs\qtqq\x64\debug\qtqq.exe
d:\qtvs\qtqq\x64\debug\qtqq.pdb
d:\qtvs\qtqq\qtqq\x64\debug\\moc\\moc_ccmainwindow.cpp
d:\qtvs\qtqq\qtqq\x64\debug\\moc\\moc_titlebar.cpp
d:\qtvs\qtqq\qtqq\x64\debug\\moc\\moc_basicwindow.cpp
d:\qtvs\qtqq\qtqq\x64\debug\\moc\\moc_notifymanager.cpp
d:\qtvs\qtqq\qtqq\x64\debug\\moc\\moc_receivefile.cpp
d:\qtvs\qtqq\qtqq\x64\debug\\moc\\moc_sendfile.cpp
d:\qtvs\qtqq\qtqq\x64\debug\\moc\\moc_msgwebview.cpp
d:\qtvs\qtqq\qtqq\x64\debug\\moc\\moc_qmsgtextedit.cpp
d:\qtvs\qtqq\qtqq\x64\debug\\moc\\moc_windowmanager.cpp
d:\qtvs\qtqq\qtqq\x64\debug\\moc\\moc_talkwindow.cpp
d:\qtvs\qtqq\qtqq\x64\debug\\moc\\moc_talkwindowitem.cpp
d:\qtvs\qtqq\qtqq\x64\debug\\moc\\moc_emotionlabelitem.cpp
d:\qtvs\qtqq\qtqq\x64\debug\\moc\\moc_emotionwindow.cpp
d:\qtvs\qtqq\qtqq\x64\debug\\moc\\moc_talkwindowshell.cpp
d:\qtvs\qtqq\qtqq\x64\debug\\moc\\moc_contactitem.cpp
d:\qtvs\qtqq\qtqq\x64\debug\\moc\\moc_rootcontatitem.cpp
d:\qtvs\qtqq\qtqq\x64\debug\\moc\\moc_custommenu.cpp
d:\qtvs\qtqq\qtqq\x64\debug\\moc\\moc_systray.cpp
d:\qtvs\qtqq\qtqq\x64\debug\\moc\\moc_qclicklabel.cpp
d:\qtvs\qtqq\qtqq\x64\debug\\moc\\moc_skinwindow.cpp
d:\qtvs\qtqq\qtqq\x64\debug\\moc\\moc_userlogin.cpp
d:\qtvs\qtqq\qtqq\x64\debug\uic\ui_ccmainwindow.h
d:\qtvs\qtqq\qtqq\x64\debug\uic\ui_contactitem.h
d:\qtvs\qtqq\qtqq\x64\debug\uic\ui_emotionwindow.h
d:\qtvs\qtqq\qtqq\x64\debug\uic\ui_receivefile.h
d:\qtvs\qtqq\qtqq\x64\debug\uic\ui_sendfile.h
d:\qtvs\qtqq\qtqq\x64\debug\uic\ui_skinwindow.h
d:\qtvs\qtqq\qtqq\x64\debug\uic\ui_talkwindow.h
d:\qtvs\qtqq\qtqq\x64\debug\uic\ui_talkwindowitem.h
d:\qtvs\qtqq\qtqq\x64\debug\uic\ui_talkwindowshell.h
d:\qtvs\qtqq\qtqq\x64\debug\uic\ui_userlogin.h
d:\qtvs\qtqq\qtqq\x64\debug\rcc\qrc_ccmainwindow.cpp
d:\qtvs\qtqq\qtqq\x64\debug\moc\moc_ccmainwindow.cpp
d:\qtvs\qtqq\qtqq\x64\debug\moc\moc_titlebar.cpp
d:\qtvs\qtqq\qtqq\x64\debug\moc\moc_basicwindow.cpp
d:\qtvs\qtqq\qtqq\x64\debug\moc\moc_notifymanager.cpp
d:\qtvs\qtqq\qtqq\x64\debug\moc\moc_receivefile.cpp
d:\qtvs\qtqq\qtqq\x64\debug\moc\moc_sendfile.cpp
d:\qtvs\qtqq\qtqq\x64\debug\moc\moc_msgwebview.cpp
d:\qtvs\qtqq\qtqq\x64\debug\moc\moc_qmsgtextedit.cpp
d:\qtvs\qtqq\qtqq\x64\debug\moc\moc_windowmanager.cpp
d:\qtvs\qtqq\qtqq\x64\debug\moc\moc_talkwindow.cpp
d:\qtvs\qtqq\qtqq\x64\debug\moc\moc_talkwindowitem.cpp
d:\qtvs\qtqq\qtqq\x64\debug\moc\moc_emotionlabelitem.cpp
d:\qtvs\qtqq\qtqq\x64\debug\moc\moc_emotionwindow.cpp
d:\qtvs\qtqq\qtqq\x64\debug\moc\moc_talkwindowshell.cpp
d:\qtvs\qtqq\qtqq\x64\debug\moc\moc_contactitem.cpp
d:\qtvs\qtqq\qtqq\x64\debug\moc\moc_rootcontatitem.cpp
d:\qtvs\qtqq\qtqq\x64\debug\moc\moc_custommenu.cpp
d:\qtvs\qtqq\qtqq\x64\debug\moc\moc_systray.cpp
d:\qtvs\qtqq\qtqq\x64\debug\moc\moc_qclicklabel.cpp
d:\qtvs\qtqq\qtqq\x64\debug\moc\moc_skinwindow.cpp
d:\qtvs\qtqq\qtqq\x64\debug\moc\moc_userlogin.cpp
d:\qtvs\qtqq\qtqq\x64\debug\\rcc\\qrc_ccmainwindow.cpp
d:\qtvs\qtqq\qtqq\x64\debug\\uic\\ui_ccmainwindow.h
d:\qtvs\qtqq\qtqq\x64\debug\\uic\\ui_contactitem.h
d:\qtvs\qtqq\qtqq\x64\debug\\uic\\ui_emotionwindow.h
d:\qtvs\qtqq\qtqq\x64\debug\\uic\\ui_receivefile.h
d:\qtvs\qtqq\qtqq\x64\debug\\uic\\ui_sendfile.h
d:\qtvs\qtqq\qtqq\x64\debug\\uic\\ui_skinwindow.h
d:\qtvs\qtqq\qtqq\x64\debug\\uic\\ui_talkwindow.h
d:\qtvs\qtqq\qtqq\x64\debug\\uic\\ui_talkwindowitem.h
d:\qtvs\qtqq\qtqq\x64\debug\\uic\\ui_talkwindowshell.h
d:\qtvs\qtqq\qtqq\x64\debug\\uic\\ui_userlogin.h
d:\qtvs\qtqq\qtqq\x64\debug\qtqq.tlog\cl.11236.write.1.tlog
d:\qtvs\qtqq\qtqq\x64\debug\qtqq.tlog\cl.command.1.tlog
d:\qtvs\qtqq\qtqq\x64\debug\qtqq.tlog\cl.read.1.tlog
d:\qtvs\qtqq\qtqq\x64\debug\qtqq.tlog\link.command.1.tlog
d:\qtvs\qtqq\qtqq\x64\debug\qtqq.tlog\link.read.1.tlog
d:\qtvs\qtqq\qtqq\x64\debug\qtqq.tlog\link.write.1.tlog
d:\qtvs\qtqq\qtqq\x64\debug\qtqq.tlog\moc.read.1u.tlog
d:\qtvs\qtqq\qtqq\x64\debug\qtqq.tlog\moc.write.1u.tlog
d:\qtvs\qtqq\qtqq\x64\debug\qtqq.tlog\qtqq.write.1u.tlog
d:\qtvs\qtqq\qtqq\x64\debug\qtqq.tlog\rcc.read.1u.tlog
d:\qtvs\qtqq\qtqq\x64\debug\qtqq.tlog\rcc.write.1u.tlog
d:\qtvs\qtqq\qtqq\x64\debug\qtqq.tlog\uic.read.1u.tlog
d:\qtvs\qtqq\qtqq\x64\debug\qtqq.tlog\uic.write.1u.tlog
