d:\qt_workspace\qtqq_server\qtqq_server\x64\debug\qtqq_server.obj
d:\qt_workspace\qtqq_server\qtqq_server\x64\debug\tcpsocket.obj
d:\qt_workspace\qtqq_server\qtqq_server\x64\debug\main.obj
d:\qt_workspace\qtqq_server\qtqq_server\x64\debug\\moc\\moc_qtqq_server.cpp
d:\qt_workspace\qtqq_server\qtqq_server\x64\debug\\moc\\moc_tcpserver.cpp
d:\qt_workspace\qtqq_server\qtqq_server\x64\debug\\moc\\moc_tcpsocket.cpp
d:\qt_workspace\qtqq_server\qtqq_server\x64\debug\uic\ui_qtqq_server.h
d:\qt_workspace\qtqq_server\qtqq_server\x64\debug\rcc\qrc_qtqq_server.cpp
d:\qt_workspace\qtqq_server\qtqq_server\x64\debug\moc\moc_qtqq_server.cpp
d:\qt_workspace\qtqq_server\qtqq_server\x64\debug\moc\moc_tcpserver.cpp
d:\qt_workspace\qtqq_server\qtqq_server\x64\debug\moc\moc_tcpsocket.cpp
d:\qt_workspace\qtqq_server\qtqq_server\x64\debug\\rcc\\qrc_qtqq_server.cpp
d:\qt_workspace\qtqq_server\qtqq_server\x64\debug\\uic\\ui_qtqq_server.h
d:\qt_workspace\qtqq_server\qtqq_server\x64\debug\vc141.pdb
d:\qt_workspace\qtqq_server\qtqq_server\x64\debug\qtqq_server.tlog\cl.13920.write.1.tlog
d:\qt_workspace\qtqq_server\qtqq_server\x64\debug\qtqq_server.tlog\cl.command.1.tlog
d:\qt_workspace\qtqq_server\qtqq_server\x64\debug\qtqq_server.tlog\cl.read.1.tlog
d:\qt_workspace\qtqq_server\qtqq_server\x64\debug\qtqq_server.tlog\moc.read.1u.tlog
d:\qt_workspace\qtqq_server\qtqq_server\x64\debug\qtqq_server.tlog\moc.write.1u.tlog
d:\qt_workspace\qtqq_server\qtqq_server\x64\debug\qtqq_server.tlog\qtqq_server.write.1u.tlog
d:\qt_workspace\qtqq_server\qtqq_server\x64\debug\qtqq_server.tlog\rcc.read.1u.tlog
d:\qt_workspace\qtqq_server\qtqq_server\x64\debug\qtqq_server.tlog\rcc.write.1u.tlog
d:\qt_workspace\qtqq_server\qtqq_server\x64\debug\qtqq_server.tlog\uic.read.1u.tlog
d:\qt_workspace\qtqq_server\qtqq_server\x64\debug\qtqq_server.tlog\uic.write.1u.tlog
